
*** Running vivado
    with args -log lab0_wrapper.vds -m64 -product Vivado -mode batch -messageDb vivado.pb -notrace -source lab0_wrapper.tcl


****** Vivado v2018.2 (64-bit)
  **** SW Build 2258646 on Thu Jun 14 20:02:38 MDT 2018
  **** IP Build 2256618 on Thu Jun 14 22:10:49 MDT 2018
    ** Copyright 1986-2018 Xilinx, Inc. All Rights Reserved.

source lab0_wrapper.tcl -notrace
Command: synth_design -top lab0_wrapper -part xc7z010clg400-1
Starting synth_design
Attempting to get a license for feature 'Synthesis' and/or device 'xc7z010'
INFO: [Common 17-349] Got license for feature 'Synthesis' and/or device 'xc7z010'
INFO: Launching helper process for spawning children vivado processes
INFO: Helper process launched with PID 7021 
WARNING: [Synth 8-2254] instance name 'a3inv' matches net/port name [/home/nathan/git/CompArch/Lab0/adder.v:41]
WARNING: [Synth 8-2254] instance name 'b3inv' matches net/port name [/home/nathan/git/CompArch/Lab0/adder.v:42]
WARNING: [Synth 8-2254] instance name 's3inv' matches net/port name [/home/nathan/git/CompArch/Lab0/adder.v:43]
WARNING: [Synth 8-2254] instance name 'posand' matches net/port name [/home/nathan/git/CompArch/Lab0/adder.v:44]
WARNING: [Synth 8-2254] instance name 'negand' matches net/port name [/home/nathan/git/CompArch/Lab0/adder.v:45]
---------------------------------------------------------------------------------
Starting RTL Elaboration : Time (s): cpu = 00:00:02 ; elapsed = 00:00:03 . Memory (MB): peak = 1252.719 ; gain = 71.113 ; free physical = 941 ; free virtual = 13196
---------------------------------------------------------------------------------
INFO: [Synth 8-6157] synthesizing module 'lab0_wrapper' [/home/nathan/git/CompArch/Lab0/lab0_wrapper.v:96]
INFO: [Synth 8-6157] synthesizing module 'dff' [/home/nathan/git/CompArch/Lab0/lab0_wrapper.v:38]
	Parameter W bound to: 4 - type: integer 
INFO: [Synth 8-6155] done synthesizing module 'dff' (1#1) [/home/nathan/git/CompArch/Lab0/lab0_wrapper.v:38]
INFO: [Synth 8-6157] synthesizing module 'jkff1' [/home/nathan/git/CompArch/Lab0/lab0_wrapper.v:53]
INFO: [Synth 8-6155] done synthesizing module 'jkff1' (2#1) [/home/nathan/git/CompArch/Lab0/lab0_wrapper.v:53]
INFO: [Synth 8-6157] synthesizing module 'mux2' [/home/nathan/git/CompArch/Lab0/lab0_wrapper.v:74]
	Parameter W bound to: 4 - type: integer 
INFO: [Synth 8-6155] done synthesizing module 'mux2' (3#1) [/home/nathan/git/CompArch/Lab0/lab0_wrapper.v:74]
INFO: [Synth 8-6157] synthesizing module 'FullAdder4bit' [/home/nathan/git/CompArch/Lab0/adder.v:25]
INFO: [Synth 8-6157] synthesizing module 'structuralFullAdder' [/home/nathan/git/CompArch/Lab0/adder.v:7]
INFO: [Synth 8-6155] done synthesizing module 'structuralFullAdder' (4#1) [/home/nathan/git/CompArch/Lab0/adder.v:7]
INFO: [Synth 8-6155] done synthesizing module 'FullAdder4bit' (5#1) [/home/nathan/git/CompArch/Lab0/adder.v:25]
INFO: [Synth 8-6155] done synthesizing module 'lab0_wrapper' (6#1) [/home/nathan/git/CompArch/Lab0/lab0_wrapper.v:96]
---------------------------------------------------------------------------------
Finished RTL Elaboration : Time (s): cpu = 00:00:03 ; elapsed = 00:00:03 . Memory (MB): peak = 1280.969 ; gain = 99.363 ; free physical = 962 ; free virtual = 13217
---------------------------------------------------------------------------------

Report Check Netlist: 
+------+------------------+-------+---------+-------+------------------+
|      |Item              |Errors |Warnings |Status |Description       |
+------+------------------+-------+---------+-------+------------------+
|1     |multi_driven_nets |      0|        0|Passed |Multi driven nets |
+------+------------------+-------+---------+-------+------------------+
---------------------------------------------------------------------------------
Start Handling Custom Attributes
---------------------------------------------------------------------------------
---------------------------------------------------------------------------------
Finished Handling Custom Attributes : Time (s): cpu = 00:00:03 ; elapsed = 00:00:04 . Memory (MB): peak = 1280.969 ; gain = 99.363 ; free physical = 961 ; free virtual = 13216
---------------------------------------------------------------------------------
---------------------------------------------------------------------------------
Finished RTL Optimization Phase 1 : Time (s): cpu = 00:00:03 ; elapsed = 00:00:04 . Memory (MB): peak = 1280.969 ; gain = 99.363 ; free physical = 961 ; free virtual = 13216
---------------------------------------------------------------------------------
INFO: [Device 21-403] Loading part xc7z010clg400-1
INFO: [Project 1-570] Preparing netlist for logic optimization

Processing XDC Constraints
Initializing timing engine
Parsing XDC File [/home/nathan/git/CompArch/Lab0/Lab0Vivado/ZYBO_Master.xdc]
Finished Parsing XDC File [/home/nathan/git/CompArch/Lab0/Lab0Vivado/ZYBO_Master.xdc]
INFO: [Project 1-236] Implementation specific constraints were found while reading constraint file [/home/nathan/git/CompArch/Lab0/Lab0Vivado/ZYBO_Master.xdc]. These constraints will be ignored for synthesis but will be used in implementation. Impacted constraints are listed in the file [.Xil/lab0_wrapper_propImpl.xdc].
Resolution: To avoid this warning, move constraints listed in [.Xil/lab0_wrapper_propImpl.xdc] to another XDC file and exclude this new file from synthesis with the used_in_synthesis property (File Properties dialog in GUI) and re-run elaboration/synthesis.
Completed Processing XDC Constraints

INFO: [Project 1-111] Unisim Transformation Summary:
No Unisim elements were transformed.

Constraint Validation Runtime : Time (s): cpu = 00:00:00 ; elapsed = 00:00:00 . Memory (MB): peak = 1590.547 ; gain = 0.000 ; free physical = 734 ; free virtual = 12990
---------------------------------------------------------------------------------
Finished Constraint Validation : Time (s): cpu = 00:00:13 ; elapsed = 00:00:29 . Memory (MB): peak = 1590.547 ; gain = 408.941 ; free physical = 803 ; free virtual = 13059
---------------------------------------------------------------------------------
---------------------------------------------------------------------------------
Start Loading Part and Timing Information
---------------------------------------------------------------------------------
Loading part: xc7z010clg400-1
---------------------------------------------------------------------------------
Finished Loading Part and Timing Information : Time (s): cpu = 00:00:13 ; elapsed = 00:00:29 . Memory (MB): peak = 1590.547 ; gain = 408.941 ; free physical = 803 ; free virtual = 13059
---------------------------------------------------------------------------------
---------------------------------------------------------------------------------
Start Applying 'set_property' XDC Constraints
---------------------------------------------------------------------------------
---------------------------------------------------------------------------------
Finished applying 'set_property' XDC Constraints : Time (s): cpu = 00:00:13 ; elapsed = 00:00:29 . Memory (MB): peak = 1590.547 ; gain = 408.941 ; free physical = 805 ; free virtual = 13061
---------------------------------------------------------------------------------
---------------------------------------------------------------------------------
Finished RTL Optimization Phase 2 : Time (s): cpu = 00:00:13 ; elapsed = 00:00:29 . Memory (MB): peak = 1590.547 ; gain = 408.941 ; free physical = 796 ; free virtual = 13052
---------------------------------------------------------------------------------

Report RTL Partitions: 
+-+--------------+------------+----------+
| |RTL Partition |Replication |Instances |
+-+--------------+------------+----------+
+-+--------------+------------+----------+
---------------------------------------------------------------------------------
Start RTL Component Statistics 
---------------------------------------------------------------------------------
Detailed RTL Component Info : 
+---XORs : 
	   2 Input      1 Bit         XORs := 8     
+---Registers : 
	                4 Bit    Registers := 2     
	                1 Bit    Registers := 1     
+---Muxes : 
	   2 Input      4 Bit        Muxes := 1     
---------------------------------------------------------------------------------
Finished RTL Component Statistics 
---------------------------------------------------------------------------------
---------------------------------------------------------------------------------
Start RTL Hierarchical Component Statistics 
---------------------------------------------------------------------------------
Hierarchical RTL Component report 
Module dff 
Detailed RTL Component Info : 
+---Registers : 
	                4 Bit    Registers := 1     
Module jkff1 
Detailed RTL Component Info : 
+---Registers : 
	                1 Bit    Registers := 1     
Module mux2 
Detailed RTL Component Info : 
+---Muxes : 
	   2 Input      4 Bit        Muxes := 1     
Module structuralFullAdder 
Detailed RTL Component Info : 
+---XORs : 
	   2 Input      1 Bit         XORs := 2     
---------------------------------------------------------------------------------
Finished RTL Hierarchical Component Statistics
---------------------------------------------------------------------------------
---------------------------------------------------------------------------------
Start Part Resource Summary
---------------------------------------------------------------------------------
Part Resources:
DSPs: 80 (col length:40)
BRAMs: 120 (col length: RAMB18 40 RAMB36 20)
---------------------------------------------------------------------------------
Finished Part Resource Summary
---------------------------------------------------------------------------------
---------------------------------------------------------------------------------
Start Cross Boundary and Area Optimization
---------------------------------------------------------------------------------
Warning: Parallel synthesis criteria is not met 
---------------------------------------------------------------------------------
Finished Cross Boundary and Area Optimization : Time (s): cpu = 00:00:13 ; elapsed = 00:00:29 . Memory (MB): peak = 1590.547 ; gain = 408.941 ; free physical = 786 ; free virtual = 13043
---------------------------------------------------------------------------------

Report RTL Partitions: 
+-+--------------+------------+----------+
| |RTL Partition |Replication |Instances |
+-+--------------+------------+----------+
+-+--------------+------------+----------+
---------------------------------------------------------------------------------
Start Applying XDC Timing Constraints
---------------------------------------------------------------------------------
---------------------------------------------------------------------------------
Finished Applying XDC Timing Constraints : Time (s): cpu = 00:00:20 ; elapsed = 00:00:38 . Memory (MB): peak = 1590.547 ; gain = 408.941 ; free physical = 639 ; free virtual = 12903
---------------------------------------------------------------------------------
---------------------------------------------------------------------------------
Start Timing Optimization
---------------------------------------------------------------------------------
---------------------------------------------------------------------------------
Finished Timing Optimization : Time (s): cpu = 00:00:20 ; elapsed = 00:00:38 . Memory (MB): peak = 1590.547 ; gain = 408.941 ; free physical = 639 ; free virtual = 12903
---------------------------------------------------------------------------------

Report RTL Partitions: 
+-+--------------+------------+----------+
| |RTL Partition |Replication |Instances |
+-+--------------+------------+----------+
+-+--------------+------------+----------+
---------------------------------------------------------------------------------
Start Technology Mapping
---------------------------------------------------------------------------------
---------------------------------------------------------------------------------
Finished Technology Mapping : Time (s): cpu = 00:00:20 ; elapsed = 00:00:38 . Memory (MB): peak = 1598.555 ; gain = 416.949 ; free physical = 638 ; free virtual = 12902
---------------------------------------------------------------------------------

Report RTL Partitions: 
+-+--------------+------------+----------+
| |RTL Partition |Replication |Instances |
+-+--------------+------------+----------+
+-+--------------+------------+----------+
---------------------------------------------------------------------------------
Start IO Insertion
---------------------------------------------------------------------------------
---------------------------------------------------------------------------------
Start Flattening Before IO Insertion
---------------------------------------------------------------------------------
---------------------------------------------------------------------------------
Finished Flattening Before IO Insertion
---------------------------------------------------------------------------------
---------------------------------------------------------------------------------
Start Final Netlist Cleanup
---------------------------------------------------------------------------------
---------------------------------------------------------------------------------
Finished Final Netlist Cleanup
---------------------------------------------------------------------------------
---------------------------------------------------------------------------------
Finished IO Insertion : Time (s): cpu = 00:00:21 ; elapsed = 00:00:39 . Memory (MB): peak = 1598.555 ; gain = 416.949 ; free physical = 641 ; free virtual = 12905
---------------------------------------------------------------------------------

Report Check Netlist: 
+------+------------------+-------+---------+-------+------------------+
|      |Item              |Errors |Warnings |Status |Description       |
+------+------------------+-------+---------+-------+------------------+
|1     |multi_driven_nets |      0|        0|Passed |Multi driven nets |
+------+------------------+-------+---------+-------+------------------+
---------------------------------------------------------------------------------
Start Renaming Generated Instances
---------------------------------------------------------------------------------
---------------------------------------------------------------------------------
Finished Renaming Generated Instances : Time (s): cpu = 00:00:21 ; elapsed = 00:00:39 . Memory (MB): peak = 1598.555 ; gain = 416.949 ; free physical = 641 ; free virtual = 12905
---------------------------------------------------------------------------------

Report RTL Partitions: 
+-+--------------+------------+----------+
| |RTL Partition |Replication |Instances |
+-+--------------+------------+----------+
+-+--------------+------------+----------+
---------------------------------------------------------------------------------
Start Rebuilding User Hierarchy
---------------------------------------------------------------------------------
---------------------------------------------------------------------------------
Finished Rebuilding User Hierarchy : Time (s): cpu = 00:00:21 ; elapsed = 00:00:39 . Memory (MB): peak = 1598.555 ; gain = 416.949 ; free physical = 641 ; free virtual = 12906
---------------------------------------------------------------------------------
---------------------------------------------------------------------------------
Start Renaming Generated Ports
---------------------------------------------------------------------------------
---------------------------------------------------------------------------------
Finished Renaming Generated Ports : Time (s): cpu = 00:00:21 ; elapsed = 00:00:39 . Memory (MB): peak = 1598.555 ; gain = 416.949 ; free physical = 641 ; free virtual = 12906
---------------------------------------------------------------------------------
---------------------------------------------------------------------------------
Start Handling Custom Attributes
---------------------------------------------------------------------------------
---------------------------------------------------------------------------------
Finished Handling Custom Attributes : Time (s): cpu = 00:00:21 ; elapsed = 00:00:39 . Memory (MB): peak = 1598.555 ; gain = 416.949 ; free physical = 641 ; free virtual = 12906
---------------------------------------------------------------------------------
---------------------------------------------------------------------------------
Start Renaming Generated Nets
---------------------------------------------------------------------------------
---------------------------------------------------------------------------------
Finished Renaming Generated Nets : Time (s): cpu = 00:00:21 ; elapsed = 00:00:39 . Memory (MB): peak = 1598.555 ; gain = 416.949 ; free physical = 641 ; free virtual = 12905
---------------------------------------------------------------------------------
---------------------------------------------------------------------------------
Start Writing Synthesis Report
---------------------------------------------------------------------------------

Report BlackBoxes: 
+-+--------------+----------+
| |BlackBox name |Instances |
+-+--------------+----------+
+-+--------------+----------+

Report Cell Usage: 
+------+-----+------+
|      |Cell |Count |
+------+-----+------+
|1     |BUFG |     1|
|2     |LUT3 |     1|
|3     |LUT4 |     4|
|4     |LUT5 |     1|
|5     |LUT6 |     2|
|6     |FDRE |     9|
|7     |IBUF |     9|
|8     |OBUF |     4|
+------+-----+------+

Report Instance Areas: 
+------+----------+-------+------+
|      |Instance  |Module |Cells |
+------+----------+-------+------+
|1     |top       |       |    31|
|2     |  opA_mem |dff    |     9|
|3     |  opB_mem |dff_0  |     6|
|4     |  src_sel |jkff1  |     2|
+------+----------+-------+------+
---------------------------------------------------------------------------------
Finished Writing Synthesis Report : Time (s): cpu = 00:00:21 ; elapsed = 00:00:39 . Memory (MB): peak = 1598.555 ; gain = 416.949 ; free physical = 641 ; free virtual = 12905
---------------------------------------------------------------------------------
Synthesis finished with 0 errors, 0 critical warnings and 0 warnings.
Synthesis Optimization Runtime : Time (s): cpu = 00:00:12 ; elapsed = 00:00:17 . Memory (MB): peak = 1598.555 ; gain = 107.371 ; free physical = 701 ; free virtual = 12963
Synthesis Optimization Complete : Time (s): cpu = 00:00:21 ; elapsed = 00:00:39 . Memory (MB): peak = 1598.562 ; gain = 416.949 ; free physical = 700 ; free virtual = 12963
INFO: [Project 1-571] Translating synthesized netlist
INFO: [Netlist 29-17] Analyzing 9 Unisim elements for replacement
INFO: [Netlist 29-28] Unisim Transformation completed in 0 CPU seconds
INFO: [Project 1-570] Preparing netlist for logic optimization
INFO: [Opt 31-138] Pushed 0 inverter(s) to 0 load pin(s).
INFO: [Project 1-111] Unisim Transformation Summary:
No Unisim elements were transformed.

INFO: [Common 17-83] Releasing license: Synthesis
24 Infos, 5 Warnings, 0 Critical Warnings and 0 Errors encountered.
synth_design completed successfully
synth_design: Time (s): cpu = 00:00:22 ; elapsed = 00:00:40 . Memory (MB): peak = 1599.555 ; gain = 418.211 ; free physical = 694 ; free virtual = 12956
WARNING: [Constraints 18-5210] No constraint will be written out.
INFO: [Common 17-1381] The checkpoint '/home/nathan/git/CompArch/Lab0/Lab0Vivado/Lab0Vivado.runs/synth_1/lab0_wrapper.dcp' has been generated.
INFO: [runtcl-4] Executing : report_utilization -file lab0_wrapper_utilization_synth.rpt -pb lab0_wrapper_utilization_synth.pb
report_utilization: Time (s): cpu = 00:00:00.07 ; elapsed = 00:00:00.10 . Memory (MB): peak = 1599.555 ; gain = 0.000 ; free physical = 695 ; free virtual = 12957
INFO: [Common 17-206] Exiting Vivado at Tue Sep 25 17:28:11 2018...
